<?xml version="1.0" encoding="UTF-8"?>
<!-- Generated by org.testng.reporters.JUnitReportReporter -->
<testsuite hostname="Aryan" failures="0" tests="1" name="com.aryan.SignupServletTest" time="2.794" errors="0" timestamp="2025-03-05T15:00:25 IST" skipped="0">
  <testcase classname="com.aryan.SignupServletTest" name="testSignup" time="2.794"/>
</testsuite> <!-- com.aryan.SignupServletTest -->
